<?xml version="1.0" encoding="UTF-8"?>
<!-- Generated by org.testng.reporters.JUnitXMLReporter -->
<testsuite ignored="0" hostname="LAPTOP-GDKESPOR" failures="1" tests="1" name="FailTestCaseExample" time="37.806" errors="0" timestamp="2022-01-29T23:52:28 GST">
  <testcase classname="test.FailTestCaseExample" name="verifyBannerTextLink" time="29.127">
    <failure type="java.lang.AssertionError" message="The following asserts failed:
	expected [Learn more about Jungle] but found [Learn more about Jungle NFT]">
      <![CDATA[java.lang.AssertionError: The following asserts failed:
expected [Learn more about Jungle] but found [Learn more about Jungle NFT]
at test.FailTestCaseExample.verifyBannerTextLink(FailTestCaseExample.java:22)
at java.base/java.util.ArrayList.forEach(ArrayList.java:1511)
... Removed 29 stack frames]]>
    </failure>
  </testcase> <!-- verifyBannerTextLink -->
</testsuite> <!-- FailTestCaseExample -->
