<?xml version="1.0" encoding="UTF-8"?>
<!-- Generated by org.testng.reporters.JUnitXMLReporter -->
<testsuite ignored="0" hostname="LAPTOP-GDKESPOR" failures="0" tests="11" name="JungleHomePageTest" time="6.823" errors="0" timestamp="2022-01-29T23:51:50 GST">
  <testcase classname="test.JungleHomePageTest" name="verifyMenuLinkedDisplayed" time="0.077"/>
  <testcase classname="test.JungleHomePageTest" name="verifyStepsSection" time="0.203"/>
  <testcase classname="test.JungleHomePageTest" name="verifyCategoryList" time="0.124"/>
  <testcase classname="test.JungleHomePageTest" name="verifyFAQSection" time="0.156"/>
  <testcase classname="test.JungleHomePageTest" name="verifyBannerHeadLine" time="0.023"/>
  <testcase classname="test.JungleHomePageTest" name="verifyBannerDetailedText" time="0.024"/>
  <testcase classname="test.JungleHomePageTest" name="verifySloganTitle" time="0.024"/>
  <testcase classname="test.JungleHomePageTest" name="verifySloganDetails" time="0.025"/>
  <testcase classname="test.JungleHomePageTest" name="verifySectionHeaders" time="0.072"/>
  <testcase classname="test.JungleHomePageTest" name="verifyGetStartedLink" time="0.032"/>
  <testcase classname="test.JungleHomePageTest" name="verifyBannerTextLink" time="0.024"/>
</testsuite> <!-- JungleHomePageTest -->
